<?xml version="1.0" encoding="UTF-8" ?>
<testsuite errors="0" failures="1" hostname="HomeHp" name="ali.Package.Junit_AntTest" skipped="0" tests="4" time="0.063" timestamp="2015-11-27T16:12:25">
  <properties>
[...]
</properties>
  <testcase classname="ali.Package.Junit_AntTest" name="testConcatenate" time="0.0" />
  <testcase classname="ali.Package.Junit_AntTest" name="testConcatenate1" time="0.0" />
  <testcase classname="ali.Package.Junit_AntTest" name="testConcatenate2" time="0.0" />
  <testcase classname="ali.Package.Junit_AntTest" name="testConcatenate3" time="0.016">
    <failure message="expected:&lt;one[1]two&gt; but was:&lt;one[2]two&gt;" type="junit.framework.AssertionFailedError">junit.framework.AssertionFailedError: expected:&lt;one[1]two&gt; but was:&lt;one[2]two&gt;
	at ali.Package.Junit_AntTest.testConcatenate3(Junit_AntTest.java:47)
	at org.eclipse.ant.internal.launching.remote.EclipseDefaultExecutor.executeTargets(EclipseDefaultExecutor.java:36)
	at org.eclipse.ant.internal.launching.remote.InternalAntRunner.run(InternalAntRunner.java:452)
	at org.eclipse.ant.internal.launching.remote.InternalAntRunner.main(InternalAntRunner.java:139)
</failure>
  </testcase>
  <system-out><![CDATA[]]></system-out>
  <system-err><![CDATA[]]></system-err>
</testsuite>
